0 info it worked if it ends with ok
1 verbose cli [ 'F:\\Programming\\Languages\\Emscripten\\node\\4.1.1_64bit\\bin\\node.exe',
1 verbose cli   'F:\\Programming\\Languages\\Emscripten\\node\\4.1.1_64bit\\bin\\node_modules\\npm\\bin\\npm-cli.js',
1 verbose cli   'run',
1 verbose cli   'build' ]
2 info using npm@2.14.4
3 info using node@v4.1.1
4 verbose run-script [ 'prebuild', 'build', 'postbuild' ]
5 info prebuild simulation_module@1.0.0
6 info build simulation_module@1.0.0
7 verbose unsafe-perm in lifecycle true
8 info simulation_module@1.0.0 Failed to exec build script
9 verbose stack Error: simulation_module@1.0.0 build: `node-gyp rebuild --target=1.2.3 --arch=x64 --dist-url=https://atom.io/download/electron`
9 verbose stack Exit status 1
9 verbose stack     at EventEmitter.<anonymous> (F:\Programming\Languages\Emscripten\node\4.1.1_64bit\bin\node_modules\npm\lib\utils\lifecycle.js:214:16)
9 verbose stack     at emitTwo (events.js:87:13)
9 verbose stack     at EventEmitter.emit (events.js:172:7)
9 verbose stack     at ChildProcess.<anonymous> (F:\Programming\Languages\Emscripten\node\4.1.1_64bit\bin\node_modules\npm\lib\utils\spawn.js:24:14)
9 verbose stack     at emitTwo (events.js:87:13)
9 verbose stack     at ChildProcess.emit (events.js:172:7)
9 verbose stack     at maybeClose (internal/child_process.js:817:16)
9 verbose stack     at Process.ChildProcess._handle.onexit (internal/child_process.js:211:5)
10 verbose pkgid simulation_module@1.0.0
11 verbose cwd F:\Programming\Work\NSFSimulation\simulation_module
12 error Windows_NT 10.0.17134
13 error argv "F:\\Programming\\Languages\\Emscripten\\node\\4.1.1_64bit\\bin\\node.exe" "F:\\Programming\\Languages\\Emscripten\\node\\4.1.1_64bit\\bin\\node_modules\\npm\\bin\\npm-cli.js" "run" "build"
14 error node v4.1.1
15 error npm  v2.14.4
16 error code ELIFECYCLE
17 error simulation_module@1.0.0 build: `node-gyp rebuild --target=1.2.3 --arch=x64 --dist-url=https://atom.io/download/electron`
17 error Exit status 1
18 error Failed at the simulation_module@1.0.0 build script 'node-gyp rebuild --target=1.2.3 --arch=x64 --dist-url=https://atom.io/download/electron'.
18 error This is most likely a problem with the simulation_module package,
18 error not with npm itself.
18 error Tell the author that this fails on your system:
18 error     node-gyp rebuild --target=1.2.3 --arch=x64 --dist-url=https://atom.io/download/electron
18 error You can get their info via:
18 error     npm owner ls simulation_module
18 error There is likely additional logging output above.
19 verbose exit [ 1, true ]
